<?xml version="1.0" encoding="UTF-8"?>
<!-- Generated by org.testng.reporters.JUnitReportReporter -->
<testsuite ignored="0" hostname="DESKTOP-QUL0G06" failures="0" tests="2" name="SampleTest.SampleTest.MyLogoTest" time="91.713" errors="0" timestamp="09 Aug 2020 15:29:52 GMT" skipped="0">
  <testcase classname="SampleTest.SampleTest.MyLogoTest" name="signIn" time="48.517"/>
  <testcase classname="SampleTest.SampleTest.MyLogoTest" name="printedDress" time="43.196"/>
</testsuite> <!-- SampleTest.SampleTest.MyLogoTest -->
