<?xml version="1.0" encoding="UTF-8"?>
<!-- Generated by org.testng.reporters.JUnitReportReporter -->
<testsuite ignored="0" hostname="DESKTOP-QUL0G06" failures="0" tests="2" name="SampleTest.SampleTest.MyLogoTest" time="69.101" errors="0" timestamp="20 Aug 2020 04:45:45 GMT" skipped="0">
  <testcase classname="SampleTest.SampleTest.MyLogoTest" name="signIn" time="26.253"/>
  <testcase classname="SampleTest.SampleTest.MyLogoTest" name="printedDress" time="42.848"/>
</testsuite> <!-- SampleTest.SampleTest.MyLogoTest -->
