<?xml version="1.0" encoding="UTF-8"?>
<!-- Generated by org.testng.reporters.JUnitReportReporter -->
<testsuite ignored="0" hostname="DESKTOP-QUL0G06" failures="0" tests="2" name="SampleTest.SampleTest.MyLogoTest" time="62.756" errors="0" timestamp="03 Aug 2020 11:19:27 GMT" skipped="0">
  <testcase classname="SampleTest.SampleTest.MyLogoTest" name="printedDress" time="35.813"/>
  <testcase classname="SampleTest.SampleTest.MyLogoTest" name="signIn" time="26.943"/>
</testsuite> <!-- SampleTest.SampleTest.MyLogoTest -->
